# JRE version: OpenJDK Runtime Environment Microsoft-10800203 (21.0.6+7) (build 21.0.6+7-LTS)
# Java VM: OpenJDK 64-Bit Server VM Microsoft-10800203 (21.0.6+7-LTS, mixed mode, sharing, tiered, compressed oops, compressed class ptrs, g1 gc, windows-amd64)
GC Precious Log:
 CardTable entry size: 512
 Card Set container configuration: InlinePtr #cards 5 size 8 Array Of Cards #cards 12 size 40 Howl #buckets 4 coarsen threshold 1843 Howl Bitmap #cards 512 size 80 coarsen threshold 460 Card regions per heap region 1 cards per card region 2048
 CPUs: 4 total, 4 available
 Memory: 8073M
 Large Page Support: Disabled
 NUMA Support: Disabled
 Compressed Oops: Enabled (32-bit)
 Heap Region Size: 1M
 Heap Min Capacity: 8M
 Heap Initial Capacity: 128M
 Heap Max Capacity: 2020M
 Pre-touch: Disabled
 Parallel Workers: 4
 Concurrent Workers: 1
 Concurrent Refinement Workers: 4
 Periodic GC: Disabled
Heap:
 garbage-first heap   total 55296K, used 28717K [0x0000000081c00000, 0x0000000100000000)
  region size 1024K, 14 young (14336K), 3 survivors (3072K)
 Metaspace       used 27110K, committed 27520K, reserved 1114112K
  class space    used 3408K, committed 3584K, reserved 1048576K
GC Heap History (10 events):
Event: 18.490 GC heap before
{Heap before GC invocations=0 (full 0):
 garbage-first heap   total 131072K, used 14336K [0x0000000081c00000, 0x0000000100000000)
  region size 1024K, 13 young (13312K), 0 survivors (0K)
 Metaspace       used 2518K, committed 2688K, reserved 1114112K
  class space    used 250K, committed 320K, reserved 1048576K
}
Event: 18.759 GC heap after
{Heap after GC invocations=1 (full 0):
 garbage-first heap   total 131072K, used 8021K [0x0000000081c00000, 0x0000000100000000)
  region size 1024K, 2 young (2048K), 2 survivors (2048K)
 Metaspace       used 2518K, committed 2688K, reserved 1114112K
  class space    used 250K, committed 320K, reserved 1048576K
}
Event: 27.041 GC heap before
{Heap before GC invocations=1 (full 0):
 garbage-first heap   total 131072K, used 18261K [0x0000000081c00000, 0x0000000100000000)
  region size 1024K, 12 young (12288K), 2 survivors (2048K)
 Metaspace       used 6001K, committed 6208K, reserved 1114112K
  class space    used 693K, committed 832K, reserved 1048576K
}
Event: 27.053 GC heap after
{Heap after GC invocations=2 (full 0):
 garbage-first heap   total 131072K, used 9010K [0x0000000081c00000, 0x0000000100000000)
  region size 1024K, 1 young (1024K), 1 survivors (1024K)
 Metaspace       used 6001K, committed 6208K, reserved 1114112K
  class space    used 693K, committed 832K, reserved 1048576K
}
Event: 39.819 GC heap before
{Heap before GC invocations=2 (full 0):
 garbage-first heap   total 131072K, used 36658K [0x0000000081c00000, 0x0000000100000000)
  region size 1024K, 29 young (29696K), 1 survivors (1024K)
 Metaspace       used 13851K, committed 14144K, reserved 1114112K
  class space    used 1678K, committed 1792K, reserved 1048576K
}
Event: 39.827 GC heap after
{Heap after GC invocations=3 (full 0):
 garbage-first heap   total 131072K, used 11693K [0x0000000081c00000, 0x0000000100000000)
  region size 1024K, 4 young (4096K), 4 survivors (4096K)
 Metaspace       used 13851K, committed 14144K, reserved 1114112K
  class space    used 1678K, committed 1792K, reserved 1048576K
}
Event: 63.860 GC heap before
{Heap before GC invocations=3 (full 0):
 garbage-first heap   total 131072K, used 56749K [0x0000000081c00000, 0x0000000100000000)
  region size 1024K, 50 young (51200K), 4 survivors (4096K)
 Metaspace       used 21227K, committed 21504K, reserved 1114112K
  class space    used 2564K, committed 2688K, reserved 1048576K
}
Event: 63.877 GC heap after
{Heap after GC invocations=4 (full 0):
 garbage-first heap   total 131072K, used 16199K [0x0000000081c00000, 0x0000000100000000)
  region size 1024K, 8 young (8192K), 8 survivors (8192K)
 Metaspace       used 21227K, committed 21504K, reserved 1114112K
  class space    used 2564K, committed 2688K, reserved 1048576K
}
Event: 74.302 GC heap before
{Heap before GC invocations=5 (full 0):
 garbage-first heap   total 55296K, used 40775K [0x0000000081c00000, 0x0000000100000000)
  region size 1024K, 32 young (32768K), 8 survivors (8192K)
 Metaspace       used 24974K, committed 25408K, reserved 1114112K
  class space    used 3085K, committed 3264K, reserved 1048576K
}
Event: 74.335 GC heap after
{Heap after GC invocations=6 (full 0):
 garbage-first heap   total 55296K, used 18477K [0x0000000081c00000, 0x0000000100000000)
  region size 1024K, 3 young (3072K), 3 survivors (3072K)
 Metaspace       used 24974K, committed 25408K, reserved 1114112K
  class space    used 3085K, committed 3264K, reserved 1048576K
}

