# JRE version: OpenJDK Runtime Environment Microsoft-10800203 (21.0.6+7) (build 21.0.6+7-LTS)
# Java VM: OpenJDK 64-Bit Server VM Microsoft-10800203 (21.0.6+7-LTS, mixed mode, sharing, tiered, compressed oops, compressed class ptrs, g1 gc, windows-amd64)
GC Precious Log:
 CardTable entry size: 512
 Card Set container configuration: InlinePtr #cards 5 size 8 Array Of Cards #cards 12 size 40 Howl #buckets 4 coarsen threshold 1843 Howl Bitmap #cards 512 size 80 coarsen threshold 460 Card regions per heap region 1 cards per card region 2048
 CPUs: 4 total, 4 available
 Memory: 8073M
 Large Page Support: Disabled
 NUMA Support: Disabled
 Compressed Oops: Enabled (32-bit)
 Heap Region Size: 1M
 Heap Min Capacity: 8M
 Heap Initial Capacity: 128M
 Heap Max Capacity: 2020M
 Pre-touch: Disabled
 Parallel Workers: 4
 Concurrent Workers: 1
 Concurrent Refinement Workers: 4
 Periodic GC: Disabled
Heap:
 garbage-first heap   total 58368K, used 36397K [0x0000000081c00000, 0x0000000100000000)
  region size 1024K, 21 young (21504K), 3 survivors (3072K)
 Metaspace       used 29613K, committed 30144K, reserved 1114112K
  class space    used 3678K, committed 3904K, reserved 1048576K
GC Heap History (10 events):
Event: 4.289 GC heap before
{Heap before GC invocations=0 (full 0):
 garbage-first heap   total 131072K, used 14336K [0x0000000081c00000, 0x0000000100000000)
  region size 1024K, 13 young (13312K), 0 survivors (0K)
 Metaspace       used 2529K, committed 2752K, reserved 1114112K
  class space    used 250K, committed 384K, reserved 1048576K
}
Event: 4.356 GC heap after
{Heap after GC invocations=1 (full 0):
 garbage-first heap   total 131072K, used 8191K [0x0000000081c00000, 0x0000000100000000)
  region size 1024K, 2 young (2048K), 2 survivors (2048K)
 Metaspace       used 2529K, committed 2752K, reserved 1114112K
  class space    used 250K, committed 384K, reserved 1048576K
}
Event: 5.439 GC heap before
{Heap before GC invocations=1 (full 0):
 garbage-first heap   total 131072K, used 19455K [0x0000000081c00000, 0x0000000100000000)
  region size 1024K, 13 young (13312K), 2 survivors (2048K)
 Metaspace       used 6245K, committed 6464K, reserved 1114112K
  class space    used 734K, committed 832K, reserved 1048576K
}
Event: 5.444 GC heap after
{Heap after GC invocations=2 (full 0):
 garbage-first heap   total 131072K, used 9348K [0x0000000081c00000, 0x0000000100000000)
  region size 1024K, 2 young (2048K), 2 survivors (2048K)
 Metaspace       used 6245K, committed 6464K, reserved 1114112K
  class space    used 734K, committed 832K, reserved 1048576K
}
Event: 7.765 GC heap before
{Heap before GC invocations=2 (full 0):
 garbage-first heap   total 131072K, used 34948K [0x0000000081c00000, 0x0000000100000000)
  region size 1024K, 28 young (28672K), 2 survivors (2048K)
 Metaspace       used 13461K, committed 13760K, reserved 1114112K
  class space    used 1609K, committed 1728K, reserved 1048576K
}
Event: 7.771 GC heap after
{Heap after GC invocations=3 (full 0):
 garbage-first heap   total 131072K, used 11722K [0x0000000081c00000, 0x0000000100000000)
  region size 1024K, 4 young (4096K), 4 survivors (4096K)
 Metaspace       used 13461K, committed 13760K, reserved 1114112K
  class space    used 1609K, committed 1728K, reserved 1048576K
}
Event: 15.962 GC heap before
{Heap before GC invocations=3 (full 0):
 garbage-first heap   total 131072K, used 57802K [0x0000000081c00000, 0x0000000100000000)
  region size 1024K, 51 young (52224K), 4 survivors (4096K)
 Metaspace       used 21251K, committed 21504K, reserved 1114112K
  class space    used 2564K, committed 2688K, reserved 1048576K
}
Event: 15.978 GC heap after
{Heap after GC invocations=4 (full 0):
 garbage-first heap   total 131072K, used 16472K [0x0000000081c00000, 0x0000000100000000)
  region size 1024K, 8 young (8192K), 8 survivors (8192K)
 Metaspace       used 21251K, committed 21504K, reserved 1114112K
  class space    used 2564K, committed 2688K, reserved 1048576K
}
Event: 21.111 GC heap before
{Heap before GC invocations=5 (full 0):
 garbage-first heap   total 58368K, used 43096K [0x0000000081c00000, 0x0000000100000000)
  region size 1024K, 34 young (34816K), 8 survivors (8192K)
 Metaspace       used 25651K, committed 26112K, reserved 1114112K
  class space    used 3178K, committed 3392K, reserved 1048576K
}
Event: 21.139 GC heap after
{Heap after GC invocations=6 (full 0):
 garbage-first heap   total 58368K, used 18989K [0x0000000081c00000, 0x0000000100000000)
  region size 1024K, 3 young (3072K), 3 survivors (3072K)
 Metaspace       used 25651K, committed 26112K, reserved 1114112K
  class space    used 3178K, committed 3392K, reserved 1048576K
}

