# JRE version: OpenJDK Runtime Environment Microsoft-10800203 (21.0.6+7) (build 21.0.6+7-LTS)
# Java VM: OpenJDK 64-Bit Server VM Microsoft-10800203 (21.0.6+7-LTS, mixed mode, sharing, tiered, compressed oops, compressed class ptrs, g1 gc, windows-amd64)
GC Precious Log:
 CardTable entry size: 512
 Card Set container configuration: InlinePtr #cards 4 size 8 Array Of Cards #cards 32 size 80 Howl #buckets 8 coarsen threshold 7372 Howl Bitmap #cards 1024 size 144 coarsen threshold 921 Card regions per heap region 1 cards per card region 8192
 CPUs: 4 total, 4 available
 Memory: 8073M
 Large Page Support: Disabled
 NUMA Support: Disabled
 Compressed Oops: Enabled (Zero based)
 Heap Region Size: 4M
 Heap Min Capacity: 8M
 Heap Initial Capacity: 128M
 Heap Max Capacity: 8G
 Pre-touch: Disabled
 Parallel Workers: 4
 Concurrent Workers: 1
 Concurrent Refinement Workers: 4
 Periodic GC: Disabled
Heap:
 garbage-first heap   total 536576K, used 285684K [0x0000000600000000, 0x0000000800000000)
  region size 4096K, 2 young (8192K), 2 survivors (8192K)
 Metaspace       used 192772K, committed 195904K, reserved 1245184K
  class space    used 24788K, committed 26368K, reserved 1048576K
GC Heap History (20 events):
Event: 578.766 GC heap after
{Heap after GC invocations=86 (full 0):
 garbage-first heap   total 536576K, used 263252K [0x0000000600000000, 0x0000000800000000)
  region size 4096K, 1 young (4096K), 1 survivors (4096K)
 Metaspace       used 179355K, committed 182528K, reserved 1245184K
  class space    used 23103K, committed 24704K, reserved 1048576K
}
Event: 590.828 GC heap before
{Heap before GC invocations=86 (full 0):
 garbage-first heap   total 536576K, used 353364K [0x0000000600000000, 0x0000000800000000)
  region size 4096K, 23 young (94208K), 1 survivors (4096K)
 Metaspace       used 179686K, committed 182912K, reserved 1245184K
  class space    used 23138K, committed 24768K, reserved 1048576K
}
Event: 590.880 GC heap after
{Heap after GC invocations=87 (full 0):
 garbage-first heap   total 536576K, used 268760K [0x0000000600000000, 0x0000000800000000)
  region size 4096K, 3 young (12288K), 3 survivors (12288K)
 Metaspace       used 179686K, committed 182912K, reserved 1245184K
  class space    used 23138K, committed 24768K, reserved 1048576K
}
Event: 597.202 GC heap before
{Heap before GC invocations=87 (full 0):
 garbage-first heap   total 536576K, used 354776K [0x0000000600000000, 0x0000000800000000)
  region size 4096K, 25 young (102400K), 3 survivors (12288K)
 Metaspace       used 179686K, committed 182912K, reserved 1245184K
  class space    used 23138K, committed 24768K, reserved 1048576K
}
Event: 597.270 GC heap after
{Heap after GC invocations=88 (full 0):
 garbage-first heap   total 536576K, used 269331K [0x0000000600000000, 0x0000000800000000)
  region size 4096K, 1 young (4096K), 1 survivors (4096K)
 Metaspace       used 179686K, committed 182912K, reserved 1245184K
  class space    used 23138K, committed 24768K, reserved 1048576K
}
Event: 688.637 GC heap before
{Heap before GC invocations=88 (full 0):
 garbage-first heap   total 536576K, used 424979K [0x0000000600000000, 0x0000000800000000)
  region size 4096K, 39 young (159744K), 1 survivors (4096K)
 Metaspace       used 187230K, committed 190400K, reserved 1245184K
  class space    used 24086K, committed 25664K, reserved 1048576K
}
Event: 688.791 GC heap after
{Heap after GC invocations=89 (full 0):
 garbage-first heap   total 536576K, used 274387K [0x0000000600000000, 0x0000000800000000)
  region size 4096K, 5 young (20480K), 5 survivors (20480K)
 Metaspace       used 187230K, committed 190400K, reserved 1245184K
  class space    used 24086K, committed 25664K, reserved 1048576K
}
Event: 689.375 GC heap before
{Heap before GC invocations=89 (full 0):
 garbage-first heap   total 536576K, used 278483K [0x0000000600000000, 0x0000000800000000)
  region size 4096K, 6 young (24576K), 5 survivors (20480K)
 Metaspace       used 187312K, committed 190464K, reserved 1245184K
  class space    used 24091K, committed 25664K, reserved 1048576K
}
Event: 689.575 GC heap after
{Heap after GC invocations=90 (full 0):
 garbage-first heap   total 536576K, used 276492K [0x0000000600000000, 0x0000000800000000)
  region size 4096K, 1 young (4096K), 1 survivors (4096K)
 Metaspace       used 187312K, committed 190464K, reserved 1245184K
  class space    used 24091K, committed 25664K, reserved 1048576K
}
Event: 866.881 GC heap before
{Heap before GC invocations=90 (full 0):
 garbage-first heap   total 536576K, used 395276K [0x0000000600000000, 0x0000000800000000)
  region size 4096K, 30 young (122880K), 1 survivors (4096K)
 Metaspace       used 187806K, committed 190912K, reserved 1245184K
  class space    used 24110K, committed 25664K, reserved 1048576K
}
Event: 867.444 GC heap after
{Heap after GC invocations=91 (full 0):
 garbage-first heap   total 536576K, used 275798K [0x0000000600000000, 0x0000000800000000)
  region size 4096K, 1 young (4096K), 1 survivors (4096K)
 Metaspace       used 187806K, committed 190912K, reserved 1245184K
  class space    used 24110K, committed 25664K, reserved 1048576K
}
Event: 892.670 GC heap before
{Heap before GC invocations=91 (full 0):
 garbage-first heap   total 536576K, used 296278K [0x0000000600000000, 0x0000000800000000)
  region size 4096K, 6 young (24576K), 1 survivors (4096K)
 Metaspace       used 188345K, committed 191488K, reserved 1245184K
  class space    used 24188K, committed 25728K, reserved 1048576K
}
Event: 892.697 GC heap after
{Heap after GC invocations=92 (full 0):
 garbage-first heap   total 536576K, used 278038K [0x0000000600000000, 0x0000000800000000)
  region size 4096K, 1 young (4096K), 1 survivors (4096K)
 Metaspace       used 188345K, committed 191488K, reserved 1245184K
  class space    used 24188K, committed 25728K, reserved 1048576K
}
Event: 903.479 GC heap before
{Heap before GC invocations=92 (full 0):
 garbage-first heap   total 536576K, used 298518K [0x0000000600000000, 0x0000000800000000)
  region size 4096K, 6 young (24576K), 1 survivors (4096K)
 Metaspace       used 189284K, committed 192384K, reserved 1245184K
  class space    used 24308K, committed 25856K, reserved 1048576K
}
Event: 903.516 GC heap after
{Heap after GC invocations=93 (full 0):
 garbage-first heap   total 536576K, used 279048K [0x0000000600000000, 0x0000000800000000)
  region size 4096K, 1 young (4096K), 1 survivors (4096K)
 Metaspace       used 189284K, committed 192384K, reserved 1245184K
  class space    used 24308K, committed 25856K, reserved 1048576K
}
Event: 905.635 GC heap before
{Heap before GC invocations=93 (full 0):
 garbage-first heap   total 536576K, used 299528K [0x0000000600000000, 0x0000000800000000)
  region size 4096K, 6 young (24576K), 1 survivors (4096K)
 Metaspace       used 190063K, committed 193216K, reserved 1245184K
  class space    used 24424K, committed 25984K, reserved 1048576K
}
Event: 905.645 GC heap after
{Heap after GC invocations=94 (full 0):
 garbage-first heap   total 536576K, used 280383K [0x0000000600000000, 0x0000000800000000)
  region size 4096K, 1 young (4096K), 1 survivors (4096K)
 Metaspace       used 190063K, committed 193216K, reserved 1245184K
  class space    used 24424K, committed 25984K, reserved 1048576K
}
Event: 906.431 GC heap before
{Heap before GC invocations=94 (full 0):
 garbage-first heap   total 536576K, used 300863K [0x0000000600000000, 0x0000000800000000)
  region size 4096K, 6 young (24576K), 1 survivors (4096K)
 Metaspace       used 191077K, committed 194176K, reserved 1245184K
  class space    used 24553K, committed 26112K, reserved 1048576K
}
Event: 906.456 GC heap after
{Heap after GC invocations=95 (full 0):
 garbage-first heap   total 536576K, used 281473K [0x0000000600000000, 0x0000000800000000)
  region size 4096K, 1 young (4096K), 1 survivors (4096K)
 Metaspace       used 191077K, committed 194176K, reserved 1245184K
  class space    used 24553K, committed 26112K, reserved 1048576K
}
Event: 909.465 GC heap before
{Heap before GC invocations=95 (full 0):
 garbage-first heap   total 536576K, used 322433K [0x0000000600000000, 0x0000000800000000)
  region size 4096K, 11 young (45056K), 1 survivors (4096K)
 Metaspace       used 192772K, committed 195904K, reserved 1245184K
  class space    used 24788K, committed 26368K, reserved 1048576K
}

